\BOOKMARK [0][-]{section*.2}{\376\377\000D\000e\000c\000l\000a\000r\000a\000t\000i\000o\000n\000\040\000o\000f\000\040\000A\000u\000t\000h\000o\000r\000s\000h\000i\000p}{}% 1
\BOOKMARK [0][-]{section*.3}{\376\377\000A\000b\000s\000t\000r\000a\000c\000t}{}% 2
\BOOKMARK [0][-]{section*.4}{\376\377\000A\000c\000k\000n\000o\000w\000l\000e\000d\000g\000e\000m\000e\000n\000t\000s}{}% 3
\BOOKMARK [0][-]{section*.6}{\376\377\000C\000o\000n\000t\000e\000n\000t\000s}{}% 4
\BOOKMARK [0][-]{chapter.15}{\376\377\000I\000n\000t\000r\000o\000d\000u\000c\000t\000i\000o\000n}{}% 5
\BOOKMARK [1][-]{section.16}{\376\377\000I\000n\000d\000u\000s\000t\000r\000y\000\040\0004\000.\0000}{chapter.15}% 6
\BOOKMARK [1][-]{section.17}{\376\377\000A\000i\000m\000\040\000o\000f\000\040\000t\000h\000e\000s\000i\000s}{chapter.15}% 7
\BOOKMARK [1][-]{section.18}{\376\377\000C\000h\000a\000p\000t\000e\000r\000s\000\040\000o\000v\000e\000r\000v\000i\000e\000w}{chapter.15}% 8
\BOOKMARK [0][-]{chapter.19}{\376\377\0004\000D\000I\000A\000C}{}% 9
\BOOKMARK [1][-]{section.20}{\376\377\000I\000E\000C\000\040\0006\0001\0004\0009\0009}{chapter.19}% 10
\BOOKMARK [1][-]{section.21}{\376\377\0004\000D\000I\000A\000C}{chapter.19}% 11
\BOOKMARK [2][-]{subsection.22}{\376\377\000I\000n\000s\000t\000a\000l\000l\000a\000t\000i\000o\000n\000\040\000o\000f\000\040\0004\000D\000I\000A\000C\000-\000I\000D\000E}{section.21}% 12
\BOOKMARK [2][-]{subsection.23}{\376\377\000F\000O\000R\000T\000E\000\040\000c\000o\000m\000p\000i\000l\000a\000t\000i\000o\000n}{section.21}% 13
\BOOKMARK [2][-]{subsection.29}{\376\377\000I\000n\000s\000t\000a\000l\000l\000i\000n\000g\000\040\000a\000n\000d\000\040\000S\000e\000t\000t\000i\000p\000g\000\040\000u\000p\000\040\000M\000i\000n\000G\000W\000\040\000f\000o\000r\000\040\000F\000O\000R\000T\000E\000\040\000D\000e\000v\000e\000l\000o\000p\000m\000e\000n\000t}{section.21}% 14
\BOOKMARK [1][-]{section.30}{\376\377\000F\000u\000n\000c\000t\000i\000o\000n\000\040\000b\000l\000o\000c\000k\000s}{chapter.19}% 15
\BOOKMARK [0][-]{chapter.31}{\376\377\000O\000P\000C\000\040\000U\000A}{}% 16
\BOOKMARK [1][-]{section.32}{\376\377\000W\000h\000a\000t\000\040\000i\000s\000\040\000O\000P\000C\000\040\000U\000A}{chapter.31}% 17
\BOOKMARK [1][-]{section.33}{\376\377\000D\000a\000t\000a\000\040\000s\000t\000r\000u\000c\000t\000u\000r\000e}{chapter.31}% 18
\BOOKMARK [1][-]{section.34}{\376\377\000O\000P\000E\000N\000\040\0006\0002\0005\0004\0001\000\040\000s\000t\000a\000c\000k}{chapter.31}% 19
\BOOKMARK [2][-]{subsection.35}{\376\377\000c\000o\000m\000p\000i\000l\000i\000n\000g}{section.34}% 20
\BOOKMARK [2][-]{subsection.36}{\376\377\000f\000i\000r\000s\000t\000\040\000u\000s\000e}{section.34}% 21
\BOOKMARK [1][-]{section.37}{\376\377\000O\000t\000h\000e\000r\000\040\000s\000t\000a\000c\000k\000s}{chapter.31}% 22
\BOOKMARK [0][-]{chapter.38}{\376\377\000C\000h\000a\000p\000t\000e\000r\000\040\000T\000i\000t\000l\000e\000\040\000H\000e\000r\000e}{}% 23
\BOOKMARK [1][-]{section.39}{\376\377\000M\000a\000i\000n\000\040\000S\000e\000c\000t\000i\000o\000n\000\040\0001}{chapter.38}% 24
\BOOKMARK [2][-]{subsection.40}{\376\377\000S\000u\000b\000s\000e\000c\000t\000i\000o\000n\000\040\0001}{section.39}% 25
\BOOKMARK [2][-]{subsection.41}{\376\377\000S\000u\000b\000s\000e\000c\000t\000i\000o\000n\000\040\0002}{section.39}% 26
\BOOKMARK [1][-]{section.42}{\376\377\000M\000a\000i\000n\000\040\000S\000e\000c\000t\000i\000o\000n\000\040\0002}{chapter.38}% 27
\BOOKMARK [0][-]{chapter.43}{\376\377\000R\000e\000s\000u\000l\000t\000s}{}% 28
\BOOKMARK [1][-]{section.44}{\376\377\000C\000r\000e\000a\000t\000e\000d\000\040\000f\000u\000n\000c\000t\000i\000o\000n\000\040\000b\000l\000o\000c\000k\000s}{chapter.43}% 29
\BOOKMARK [1][-]{section.45}{\376\377\000I\000m\000p\000l\000e\000m\000e\000n\000t\000a\000t\000i\000o\000n\000\040\000o\000f\000\040\000f\000u\000n\000c\000t\000i\000o\000n\000\040\000b\000l\000o\000c\000k\000s}{chapter.43}% 30
\BOOKMARK [2][-]{subsection.46}{\376\377\000s\000e\000r\000v\000e\000r}{section.45}% 31
\BOOKMARK [2][-]{subsection.47}{\376\377\000s\000u\000b\000s\000c\000r\000i\000b\000e\000r}{section.45}% 32
\BOOKMARK [1][-]{section.48}{\376\377\000E\000x\000a\000m\000p\000l\000e\000\040\000a\000p\000p\000l\000i\000c\000a\000t\000i\000o\000n}{chapter.43}% 33
\BOOKMARK [1][-]{section.49}{\376\377\000M\000a\000i\000n\000\040\000S\000e\000c\000t\000i\000o\000n\000\040\0002}{chapter.43}% 34
\BOOKMARK [0][-]{appendix.50}{\376\377\000A\000p\000p\000e\000n\000d\000i\000x\000\040\000T\000i\000t\000l\000e\000\040\000H\000e\000r\000e}{}% 35
\BOOKMARK [0][-]{appendix*.51}{\376\377\000B\000i\000b\000l\000i\000o\000g\000r\000a\000p\000h\000y}{}% 36
